DEPRECATION WARNING: require "actionmailer" is deprecated and will be removed in Rails 3. Use require "action_mailer" instead. (called from /home/lenny/.rvm/gems/ruby-1.8.7-head/gems/actionmailer-2.3.18/lib/actionmailer.rb:2)
DEPRECATION WARNING: require "actionpack" is deprecated and will be removed in Rails 3. Use require "action_pack" instead. (called from /home/lenny/.rvm/gems/ruby-1.8.7-head/gems/actionpack-2.3.18/lib/actionpack.rb:2)
DEPRECATION WARNING: require "activerecord" is deprecated and will be removed in Rails 3. Use require "active_record" instead. (called from /home/lenny/.rvm/gems/ruby-1.8.7-head/gems/activerecord-2.3.18/lib/activerecord.rb:2)
DEPRECATION WARNING: require "activeresource" is deprecated and will be removed in Rails 3. Use require "active_resource" instead. (called from /home/lenny/.rvm/gems/ruby-1.8.7-head/gems/activeresource-2.3.18/lib/activeresource.rb:2)
DEPRECATION WARNING: require "activesupport" is deprecated and will be removed in Rails 3. Use require "active_support" instead. (called from /home/lenny/.rvm/gems/ruby-1.8.7-head/gems/activesupport-2.3.18/lib/activesupport.rb:2)
DEPRECATION WARNING: require "actionmailer" is deprecated and will be removed in Rails 3. Use require "action_mailer" instead. (called from /home/lenny/.rvm/gems/ruby-1.8.7-head/gems/actionmailer-2.3.18/lib/actionmailer.rb:2)
DEPRECATION WARNING: require "actionpack" is deprecated and will be removed in Rails 3. Use require "action_pack" instead. (called from /home/lenny/.rvm/gems/ruby-1.8.7-head/gems/actionpack-2.3.18/lib/actionpack.rb:2)
DEPRECATION WARNING: require "activerecord" is deprecated and will be removed in Rails 3. Use require "active_record" instead. (called from /home/lenny/.rvm/gems/ruby-1.8.7-head/gems/activerecord-2.3.18/lib/activerecord.rb:2)
DEPRECATION WARNING: require "activeresource" is deprecated and will be removed in Rails 3. Use require "active_resource" instead. (called from /home/lenny/.rvm/gems/ruby-1.8.7-head/gems/activeresource-2.3.18/lib/activeresource.rb:2)
DEPRECATION WARNING: require "activesupport" is deprecated and will be removed in Rails 3. Use require "active_support" instead. (called from /home/lenny/.rvm/gems/ruby-1.8.7-head/gems/activesupport-2.3.18/lib/activesupport.rb:2)
DEPRECATION WARNING: require "actionmailer" is deprecated and will be removed in Rails 3. Use require "action_mailer" instead. (called from /home/lenny/.rvm/gems/ruby-1.8.7-head/gems/actionmailer-2.3.18/lib/actionmailer.rb:2)
DEPRECATION WARNING: require "actionpack" is deprecated and will be removed in Rails 3. Use require "action_pack" instead. (called from /home/lenny/.rvm/gems/ruby-1.8.7-head/gems/actionpack-2.3.18/lib/actionpack.rb:2)
DEPRECATION WARNING: require "activerecord" is deprecated and will be removed in Rails 3. Use require "active_record" instead. (called from /home/lenny/.rvm/gems/ruby-1.8.7-head/gems/activerecord-2.3.18/lib/activerecord.rb:2)
DEPRECATION WARNING: require "activeresource" is deprecated and will be removed in Rails 3. Use require "active_resource" instead. (called from /home/lenny/.rvm/gems/ruby-1.8.7-head/gems/activeresource-2.3.18/lib/activeresource.rb:2)
DEPRECATION WARNING: require "activesupport" is deprecated and will be removed in Rails 3. Use require "active_support" instead. (called from /home/lenny/.rvm/gems/ruby-1.8.7-head/gems/activesupport-2.3.18/lib/activesupport.rb:2)
DEPRECATION WARNING: require "actionmailer" is deprecated and will be removed in Rails 3. Use require "action_mailer" instead. (called from /home/lenny/.rvm/gems/ruby-1.8.7-head/gems/actionmailer-2.3.18/lib/actionmailer.rb:2)
DEPRECATION WARNING: require "actionpack" is deprecated and will be removed in Rails 3. Use require "action_pack" instead. (called from /home/lenny/.rvm/gems/ruby-1.8.7-head/gems/actionpack-2.3.18/lib/actionpack.rb:2)
DEPRECATION WARNING: require "activerecord" is deprecated and will be removed in Rails 3. Use require "active_record" instead. (called from /home/lenny/.rvm/gems/ruby-1.8.7-head/gems/activerecord-2.3.18/lib/activerecord.rb:2)
DEPRECATION WARNING: require "activeresource" is deprecated and will be removed in Rails 3. Use require "active_resource" instead. (called from /home/lenny/.rvm/gems/ruby-1.8.7-head/gems/activeresource-2.3.18/lib/activeresource.rb:2)
DEPRECATION WARNING: require "activesupport" is deprecated and will be removed in Rails 3. Use require "active_support" instead. (called from /home/lenny/.rvm/gems/ruby-1.8.7-head/gems/activesupport-2.3.18/lib/activesupport.rb:2)
